<?xml version="1.0" encoding="UTF-8"?>
<!-- Generated by org.testng.reporters.JUnitReportReporter -->
<testsuite hostname="DeekayV3" failures="0" tests="2" name="com.herokuapp.theinternet.keypressestests.KeyPressesTests" time="23.604" errors="0" timestamp="29 Dec 2020 06:06:24 GMT" skipped="0">
  <testcase classname="com.herokuapp.theinternet.keypressestests.KeyPressesTests" name="pressKeyTest" time="17.469"/>
  <testcase classname="com.herokuapp.theinternet.keypressestests.KeyPressesTests" name="pressKeyWithActionsTest" time="6.135"/>
</testsuite> <!-- com.herokuapp.theinternet.keypressestests.KeyPressesTests -->
