<?xml version="1.0" encoding="UTF-8"?>
<!-- Generated by org.testng.reporters.JUnitReportReporter -->
<testsuite hostname="DeekayV3" failures="0" tests="2" name="com.herokuapp.theinternet.hoverstests.HoversTests" time="20.714" errors="0" timestamp="29 Dec 2020 07:58:28 GMT" skipped="0">
  <testcase classname="com.herokuapp.theinternet.hoverstests.HoversTests" name="user2ProfileTest" time="11.547"/>
  <testcase classname="com.herokuapp.theinternet.hoverstests.HoversTests" name="user2ProfileTest" time="9.167"/>
</testsuite> <!-- com.herokuapp.theinternet.hoverstests.HoversTests -->
