<?xml version="1.0" encoding="UTF-8"?>
<!-- Generated by org.testng.reporters.JUnitReportReporter -->
<testsuite hostname="DeekayV3" failures="0" tests="2" name="com.herokuapp.theinternet.checkboxpagetests.CheckBoxesTest" time="22.078" errors="0" timestamp="29 Dec 2020 12:17:15 GMT" skipped="0">
  <testcase classname="com.herokuapp.theinternet.checkboxpagetests.CheckBoxesTest" name="selectingTwoCheckboxesTest" time="11.131"/>
  <testcase classname="com.herokuapp.theinternet.checkboxpagetests.CheckBoxesTest" name="selectingTwoCheckboxesTest" time="10.947"/>
</testsuite> <!-- com.herokuapp.theinternet.checkboxpagetests.CheckBoxesTest -->
