<?xml version="1.0" encoding="UTF-8"?>
<!-- Generated by org.testng.reporters.JUnitReportReporter -->
<testsuite hostname="DeekayV3" failures="0" tests="4" name="com.herokuapp.theinternet.NegativeTests" time="54.496" errors="0" timestamp="27 Dec 2020 09:46:31 GMT" skipped="0">
  <testcase classname="com.herokuapp.theinternet.NegativeTests" name="negativeTest" time="10.129"/>
  <testcase classname="com.herokuapp.theinternet.NegativeTests" name="negativeTest" time="15.485"/>
  <testcase classname="com.herokuapp.theinternet.NegativeTests" name="negativeTest" time="13.411"/>
  <testcase classname="com.herokuapp.theinternet.NegativeTests" name="negativeTest" time="15.471"/>
</testsuite> <!-- com.herokuapp.theinternet.NegativeTests -->
