<?xml version="1.0" encoding="UTF-8"?>
<!-- Generated by org.testng.reporters.JUnitReportReporter -->
<testsuite hostname="DeekayV3" failures="0" tests="3" name="com.herokuapp.theinternet.uploadtests.UploadTests" time="48.914" errors="0" timestamp="29 Dec 2020 11:31:34 GMT" skipped="0">
  <testcase classname="com.herokuapp.theinternet.uploadtests.UploadTests" name="fileUploadTest" time="16.155"/>
  <testcase classname="com.herokuapp.theinternet.uploadtests.UploadTests" name="fileUploadTest" time="16.206"/>
  <testcase classname="com.herokuapp.theinternet.uploadtests.UploadTests" name="fileUploadTest" time="16.553"/>
</testsuite> <!-- com.herokuapp.theinternet.uploadtests.UploadTests -->
