<?xml version="1.0" encoding="UTF-8"?>
<!-- Generated by org.testng.reporters.JUnitReportReporter -->
<testsuite hostname="DeekayV3" failures="0" tests="1" name="com.herokuapp.theinternet.PositiveTests" time="11.768" errors="0" timestamp="25 Dec 2020 11:49:14 GMT" skipped="0">
  <testcase classname="com.herokuapp.theinternet.PositiveTests" name="logInTest" time="11.768"/>
</testsuite> <!-- com.herokuapp.theinternet.PositiveTests -->
