<?xml version="1.0" encoding="UTF-8"?>
<!-- Generated by org.testng.reporters.JUnitReportReporter -->
<testsuite hostname="DeekayV3" failures="0" tests="2" name="com.herokuapp.theinternet.horizontalslidertests.HorizontalSliderTests" time="24.958" errors="0" timestamp="29 Dec 2020 08:09:39 GMT" skipped="0">
  <testcase classname="com.herokuapp.theinternet.horizontalslidertests.HorizontalSliderTests" name="sliderTest" time="12.029"/>
  <testcase classname="com.herokuapp.theinternet.horizontalslidertests.HorizontalSliderTests" name="sliderTest" time="12.929"/>
</testsuite> <!-- com.herokuapp.theinternet.horizontalslidertests.HorizontalSliderTests -->
