<?xml version="1.0" encoding="UTF-8"?>
<!-- Generated by org.testng.reporters.JUnitReportReporter -->
<testsuite hostname="DeekayV3" failures="0" tests="2" name="com.herokuapp.theinternet.loginpagetests.PositiveLoginTests" time="38.772" errors="0" timestamp="29 Dec 2020 12:40:08 GMT" skipped="0">
  <testcase classname="com.herokuapp.theinternet.loginpagetests.PositiveLoginTests" name="logInTest" time="13.291"/>
  <testcase classname="com.herokuapp.theinternet.loginpagetests.PositiveLoginTests" name="logInTest" time="25.481"/>
</testsuite> <!-- com.herokuapp.theinternet.loginpagetests.PositiveLoginTests -->
