<?xml version="1.0" encoding="UTF-8"?>
<!-- Generated by org.testng.reporters.JUnitReportReporter -->
<testsuite hostname="DeekayV3" failures="0" tests="1" name="com.herokuapp.theinternet.windowstests.WindowsTests" time="19.566" errors="0" timestamp="28 Dec 2020 17:00:18 GMT" skipped="0">
  <testcase classname="com.herokuapp.theinternet.windowstests.WindowsTests" name="newWindowTest" time="19.566"/>
</testsuite> <!-- com.herokuapp.theinternet.windowstests.WindowsTests -->
