<?xml version="1.0" encoding="UTF-8"?>
<!-- Generated by org.testng.reporters.JUnitReportReporter -->
<testsuite hostname="DeekayV3" failures="0" tests="1" name="com.herokuapp.theinternet.editortests.EditorTests" time="22.151" errors="0" timestamp="29 Dec 2020 07:20:06 GMT" skipped="0">
  <testcase classname="com.herokuapp.theinternet.editortests.EditorTests" name="defaultEditorValueTest" time="22.151"/>
</testsuite> <!-- com.herokuapp.theinternet.editortests.EditorTests -->
