<?xml version="1.0" encoding="UTF-8"?>
<!-- Generated by org.testng.reporters.JUnitReportReporter -->
<testsuite hostname="DeekayV3" failures="0" tests="2" name="com.herokuapp.theinternet.draganddroptests.DragAndDropTests" time="18.313" errors="0" timestamp="29 Dec 2020 07:33:29 GMT" skipped="0">
  <testcase classname="com.herokuapp.theinternet.draganddroptests.DragAndDropTests" name="dragAToBTest" time="8.929"/>
  <testcase classname="com.herokuapp.theinternet.draganddroptests.DragAndDropTests" name="dragAToBTest" time="9.384"/>
</testsuite> <!-- com.herokuapp.theinternet.draganddroptests.DragAndDropTests -->
