<?xml version="1.0" encoding="UTF-8"?>
<!-- Generated by org.testng.reporters.JUnitReportReporter -->
<testsuite hostname="DeekayV3" failures="0" tests="4" name="com.herokuapp.theinternet.dropdowntests.DropdownPageTest" time="41.226" errors="0" timestamp="29 Dec 2020 12:33:06 GMT" skipped="0">
  <testcase classname="com.herokuapp.theinternet.dropdowntests.DropdownPageTest" name="optionTwoTest" time="8.642"/>
  <testcase classname="com.herokuapp.theinternet.dropdowntests.DropdownPageTest" name="optionTwoTest" time="13.279"/>
  <testcase classname="com.herokuapp.theinternet.dropdowntests.DropdownPageTest" name="optionTwoTest" time="11.085"/>
  <testcase classname="com.herokuapp.theinternet.dropdowntests.DropdownPageTest" name="optionTwoTest" time="8.220"/>
</testsuite> <!-- com.herokuapp.theinternet.dropdowntests.DropdownPageTest -->
